c:\users\kythe\desktop\ai_project_final\ai_project\ai_project_win\connect4\strategy\release\vc141.pdb
c:\users\kythe\desktop\ai_project_final\ai_project\ai_project_win\connect4\strategy\release\strategy.obj
c:\users\kythe\desktop\ai_project_final\ai_project\ai_project_win\connect4\strategy\release\judge.obj
c:\users\kythe\desktop\ai_project_final\ai_project\ai_project_win\connect4\strategy\release\board.obj
c:\users\kythe\desktop\ai_project_final\ai_project\ai_project_win\connect4\release\strategy.dll
c:\users\kythe\desktop\ai_project_final\ai_project\ai_project_win\connect4\release\strategy.pdb
c:\users\kythe\desktop\ai_project_final\ai_project\ai_project_win\connect4\release\strategy.lib
c:\users\kythe\desktop\ai_project_final\ai_project\ai_project_win\connect4\release\strategy.exp
c:\users\kythe\desktop\ai_project_final\ai_project\ai_project_win\connect4\release\strategy.ipdb
c:\users\kythe\desktop\ai_project_final\ai_project\ai_project_win\connect4\release\strategy.iobj
c:\users\kythe\desktop\connect4\connect4\strategy\release\board.obj
c:\users\kythe\desktop\connect4\connect4\strategy\release\judge.obj
c:\users\kythe\desktop\connect4\connect4\strategy\release\strategy.obj
c:\users\kythe\desktop\connect4\connect4\strategy\release\vc141.pdb
c:\users\kythe\desktop\connect4\connect4\release\strategy.pdb
c:\users\kythe\desktop\connect4\connect4\release\strategy.dll
c:\users\kythe\desktop\connect4\connect4\strategy\release\strategy.tlog\cl.command.1.tlog
c:\users\kythe\desktop\connect4\connect4\strategy\release\strategy.tlog\cl.read.1.tlog
c:\users\kythe\desktop\connect4\connect4\strategy\release\strategy.tlog\cl.write.1.tlog
c:\users\kythe\desktop\connect4\connect4\strategy\release\strategy.tlog\link.command.1.tlog
c:\users\kythe\desktop\connect4\connect4\strategy\release\strategy.tlog\link.delete.1.tlog
c:\users\kythe\desktop\connect4\connect4\strategy\release\strategy.tlog\link.read.1.tlog
c:\users\kythe\desktop\connect4\connect4\strategy\release\strategy.tlog\link.write.1.tlog
c:\users\kythe\desktop\connect4\connect4\strategy\release\strategy.tlog\strategy.write.1u.tlog
